android/app/build/outputs/logs/manifest-merger-release-report.txt
-- Merging decision tree log ---
manifest
ADDED from src\main\AndroidManifest.xml:1:1-88:12
INJECTED from src\main\AndroidManifest.xml:1:1-88:12
INJECTED from src\main\AndroidManifest.xml:1:1-88:12
INJECTED from src\main\AndroidManifest.xml:1:1-88:12
MERGED from [:react-native-charts-wrapper] AndroidManifest.xml:2:1-11:12
MERGED from [:react-native-facebook-account-kit] AndroidManifest.xml:2:1-15:12
MERGED from [:react-native-google-fit] AndroidManifest.xml:2:1-13:12
MERGED from [:react-native-oui-pedometer] AndroidManifest.xml:2:1-11:12
MERGED from [:react-native-play-audio] AndroidManifest.xml:2:1-11:12
MERGED from [:react-native-touch-id] AndroidManifest.xml:2:1-13:12
MERGED from [:react-native-share] AndroidManifest.xml:2:1-28:12
MERGED from [:react-native-cardview] AndroidManifest.xml:2:1-11:12
MERGED from [:react-native-restart] AndroidManifest.xml:2:1-11:12
MERGED from [:react-native-check-app-install] AndroidManifest.xml:2:1-11:12
MERGED from [:@react-native-community_netinfo] AndroidManifest.xml:2:1-11:12
MERGED from [:react-native-sqlite-2] AndroidManifest.xml:2:1-11:12
MERGED from [:rn-fetch-blob] AndroidManifest.xml:2:1-47:12
MERGED from [:react-native-snackbar] AndroidManifest.xml:2:1-11:12
MERGED from [:react-native-linear-gradient] AndroidManifest.xml:2:1-11:12
MERGED from [:react-native-image-picker] AndroidManifest.xml:2:1-23:12
MERGED from [:react-native-fs] AndroidManifest.xml:2:1-13:12
MERGED from [:react-native-firebase] AndroidManifest.xml:2:1-23:12
MERGED from [:react-native-file-picker] AndroidManifest.xml:2:1-13:12
MERGED from [:react-native-device-info] AndroidManifest.xml:2:1-22:12
MERGED from [:react-native-maps] AndroidManifest.xml:2:1-12:12
MERGED from [:react-native-splash-screen] AndroidManifest.xml:2:1-14:12
MERGED from [:react-native-vector-icons] AndroidManifest.xml:2:1-11:12
MERGED from [:react-native-gesture-handler] AndroidManifest.xml:2:1-11:12
MERGED from [:react-native-background-task] AndroidManifest.xml:2:1-17:12
MERGED from [:react-native-google-signin] AndroidManifest.xml:2:1-11:12
MERGED from [:react-native-fbsdk] AndroidManifest.xml:21:1-30:12
MERGED from [com.facebook.react:react-native:0.58.6] AndroidManifest.xml:2:1-15:12
MERGED from [com.facebook.android:account-kit-sdk:5.4.0] AndroidManifest.xml:21:1-55:12
MERGED from [com.google.android.material:material:1.0.0] AndroidManifest.xml:17:1-24:12
MERGED from [com.facebook.android:facebook-android-sdk:5.8.0] AndroidManifest.xml:21:1-31:12
MERGED from [com.facebook.android:facebook-login:5.8.0] AndroidManifest.xml:21:1-31:12
MERGED from [com.facebook.android:facebook-share:5.8.0] AndroidManifest.xml:21:1-31:12
MERGED from [com.facebook.android:facebook-common:5.8.0] AndroidManifest.xml:21:1-37:12
MERGED from [androidx.appcompat:appcompat:1.0.2] AndroidManifest.xml:17:1-22:12
MERGED from [androidx.multidex:multidex:2.0.0] AndroidManifest.xml:17:1-22:12
MERGED from [com.google.android.gms:play-services-fitness:18.0.0] AndroidManifest.xml:17:1-24:12
MERGED from [com.google.android.gms:play-services-auth:17.0.0] AndroidManifest.xml:17:1-39:12
MERGED from [com.google.android.gms:play-services-gcm:16.1.0] AndroidManifest.xml:17:1-28:12
MERGED from [com.google.android.gms:play-services-maps:16.1.0] AndroidManifest.xml:17:1-38:12
MERGED from [com.google.android.gms:play-services-auth-api-phone:17.0.0] AndroidManifest.xml:2:1-7:12
MERGED from [com.google.android.gms:play-services-auth-base:17.0.0] AndroidManifest.xml:2:1-7:12
MERGED from [com.google.android.gms:play-services-iid:16.0.1] AndroidManifest.xml:17:1-28:12
MERGED from [com.google.firebase:firebase-messaging:18.0.0] AndroidManifest.xml:17:1-37:12
MERGED from [com.google.firebase:firebase-core:16.0.8] AndroidManifest.xml:2:1-9:12
MERGED from [com.google.firebase:firebase-analytics:16.4.0] AndroidManifest.xml:2:1-9:12
MERGED from [com.google.android.gms:play-services-measurement-api:16.4.0] AndroidManifest.xml:17:1-36:12
MERGED from [com.google.firebase:firebase-iid:18.0.0] AndroidManifest.xml:17:1-47:12
MERGED from [com.google.firebase:firebase-iid-interop:16.0.1] AndroidManifest.xml:2:1-10:12
MERGED from [com.google.android.gms:play-services-base:17.1.0] AndroidManifest.xml:17:1-29:12
MERGED from [me.leolin:ShortcutBadger:1.1.21] AndroidManifest.xml:2:1-52:12
MERGED from [com.crashlytics.sdk.android:crashlytics:2.9.5] AndroidManifest.xml:2:1-19:12
MERGED from [com.facebook.fresco:fresco:1.12.0] AndroidManifest.xml:2:1-9:12
MERGED from [com.facebook.fresco:animated-gif:1.12.0] AndroidManifest.xml:2:1-9:12
MERGED from [com.facebook.fresco:animated-base-support:1.3.0] AndroidManifest.xml:2:1-9:12
MERGED from [com.github.PhilJay:MPAndroidChart:v3.1.0] AndroidManifest.xml:2:1-20:12
MERGED from [androidx.cardview:cardview:1.0.0] AndroidManifest.xml:17:1-22:12
MERGED from [com.evernote:android-job:1.1.11] AndroidManifest.xml:2:1-60:12
MERGED from [androidx.legacy:legacy-support-v4:1.0.0] AndroidManifest.xml:17:1-22:12
MERGED from [androidx.media:media:1.0.0] AndroidManifest.xml:17:1-22:12
MERGED from [com.google.maps.android:android-maps-utils:0.5] AndroidManifest.xml:2:1-13:12
MERGED from [com.google.firebase:firebase-common:17.0.0] AndroidManifest.xml:2:1-19:12
MERGED from [com.google.firebase:firebase-measurement-connector:17.0.1] AndroidManifest.xml:17:1-25:12
MERGED from [com.google.android.gms:play-services-tasks:17.0.0] AndroidManifest.xml:2:1-9:12
MERGED from [com.google.android.gms:play-services-measurement:16.4.0] AndroidManifest.xml:17:1-55:12
MERGED from [com.google.android.gms:play-services-measurement-sdk:16.4.0] AndroidManifest.xml:17:1-25:12
MERGED from [com.google.android.gms:play-services-measurement-impl:16.4.0] AndroidManifest.xml:17:1-40:12
MERGED from [com.google.android.gms:play-services-stats:16.0.1] AndroidManifest.xml:2:1-9:12
MERGED from [com.google.android.gms:play-services-measurement-sdk-api:16.4.0] AndroidManifest.xml:17:1-30:12
MERGED from [com.google.android.gms:play-services-measurement-base:16.4.0] AndroidManifest.xml:2:1-9:12
MERGED from [com.google.android.gms:play-services-ads-identifier:16.0.0] AndroidManifest.xml:17:1-24:12
MERGED from [com.google.android.gms:play-services-basement:17.0.0] AndroidManifest.xml:17:1-28:12
MERGED from [androidx.fragment:fragment:1.0.0] AndroidManifest.xml:17:1-22:12
MERGED from [com.facebook.android:facebook-places:5.8.0] AndroidManifest.xml:21:1-31:12
MERGED from [com.facebook.android:facebook-applinks:5.8.0] AndroidManifest.xml:21:1-31:12
MERGED from [com.facebook.android:facebook-messenger:5.8.0] AndroidManifest.xml:21:1-31:12
MERGED from [com.facebook.android:facebook-core:5.8.0] AndroidManifest.xml:21:1-61:12
MERGED from [androidx.recyclerview:recyclerview:1.0.0] AndroidManifest.xml:17:1-22:12
MERGED from [androidx.browser:browser:1.0.0] AndroidManifest.xml:17:1-22:12
MERGED from [androidx.vectordrawable:vectordrawable-animated:1.0.0] AndroidManifest.xml:17:1-22:12
MERGED from [androidx.legacy:legacy-support-core-ui:1.0.0] AndroidManifest.xml:17:1-22:12
MERGED from [androidx.legacy:legacy-support-core-utils:1.0.0] AndroidManifest.xml:17:1-22:12
MERGED from [androidx.transition:transition:1.0.0] AndroidManifest.xml:17:1-22:12
MERGED from [androidx.loader:loader:1.0.0] AndroidManifest.xml:17:1-22:12
MERGED from [androidx.vectordrawable:vectordrawable:1.0.1] AndroidManifest.xml:17:1-22:12
MERGED from [androidx.viewpager:viewpager:1.0.0] AndroidManifest.xml:17:1-22:12
MERGED from [androidx.coordinatorlayout:coordinatorlayout:1.0.0] AndroidManifest.xml:17:1-22:12
MERGED from [androidx.drawerlayout:drawerlayout:1.0.0] AndroidManifest.xml:17:1-22:12
MERGED from [androidx.slidingpanelayout:slidingpanelayout:1.0.0] AndroidManifest.xml:17:1-22:12
MERGED from [androidx.customview:customview:1.0.0] AndroidManifest.xml:17:1-22:12
MERGED from [androidx.swiperefreshlayout:swiperefreshlayout:1.0.0] AndroidManifest.xml:17:1-22:12
MERGED from [androidx.asynclayoutinflater:asynclayoutinflater:1.0.0] AndroidManifest.xml:17:1-22:12
MERGED from [androidx.core:core:1.0.1] AndroidManifest.xml:17:1-24:12
MERGED from [androidx.versionedparcelable:versionedparcelable:1.0.0] AndroidManifest.xml:17:1-25:12
MERGED from [androidx.documentfile:documentfile:1.0.0] AndroidManifest.xml:17:1-22:12
MERGED from [androidx.localbroadcastmanager:localbroadcastmanager:1.0.0] AndroidManifest.xml:17:1-22:12
MERGED from [androidx.print:print:1.0.0] AndroidManifest.xml:17:1-22:12
MERGED from [androidx.lifecycle:lifecycle-viewmodel:2.0.0] AndroidManifest.xml:17:1-22:12
MERGED from [net.vrallev.android:cat:1.0.5] AndroidManifest.xml:2:1-11:12
MERGED from [androidx.cursoradapter:cursoradapter:1.0.0] AndroidManifest.xml:17:1-22:12
MERGED from [androidx.interpolator:interpolator:1.0.0] AndroidManifest.xml:17:1-22:12
MERGED from [androidx.lifecycle:lifecycle-runtime:2.0.0] AndroidManifest.xml:17:1-22:12
MERGED from [androidx.lifecycle:lifecycle-livedata:2.0.0] AndroidManifest.xml:17:1-22:12
MERGED from [androidx.lifecycle:lifecycle-livedata-core:2.0.0] AndroidManifest.xml:17:1-22:12
MERGED from [androidx.arch.core:core-runtime:2.0.0] AndroidManifest.xml:17:1-22:12
MERGED from [com.facebook.fresco:imagepipeline-okhttp3:1.10.0] AndroidManifest.xml:2:1-9:12
MERGED from [com.facebook.fresco:animated-base:1.12.0] AndroidManifest.xml:2:1-9:12
MERGED from [com.facebook.fresco:animated-drawable:1.12.0] AndroidManifest.xml:2:1-9:12
MERGED from [com.facebook.fresco:drawee:1.12.0] AndroidManifest.xml:2:1-9:12
MERGED from [com.facebook.fresco:nativeimagefilters:1.12.0] AndroidManifest.xml:2:1-9:12
MERGED from [com.facebook.fresco:imagepipeline:1.12.0] AndroidManifest.xml:2:1-9:12
MERGED from [com.facebook.fresco:nativeimagetranscoder:1.12.0] AndroidManifest.xml:2:1-9:12
MERGED from [com.facebook.fresco:imagepipeline-base:1.12.0] AndroidManifest.xml:2:1-9:12
MERGED from [com.facebook.soloader:soloader:0.6.0] AndroidManifest.xml:2:1-13:12
MERGED from [org.webkit:android-jsc:r174650] AndroidManifest.xml:1:1-3:12
MERGED from [com.crashlytics.sdk.android:crashlytics-core:2.6.4] AndroidManifest.xml:45:1-56:12
MERGED from [com.crashlytics.sdk.android:answers:1.4.3] AndroidManifest.xml:2:1-13:12
MERGED from [com.crashlytics.sdk.android:beta:1.2.10] AndroidManifest.xml:2:1-13:12
MERGED from [io.fabric.sdk.android:fabric:1.4.4] AndroidManifest.xml:22:1-33:12
MERGED from [com.facebook.fresco:fbcore:1.12.0] AndroidManifest.xml:2:1-9:12
INJECTED from src\main\AndroidManifest.xml:1:1-88:12
INJECTED from src\main\AndroidManifest.xml:1:1-88:12
INJECTED from src\main\AndroidManifest.xml:1:1-88:12
	package
		ADDED from src\main\AndroidManifest.xml:3:5-38
		INJECTED from src\main\AndroidManifest.xml
		INJECTED from src\main\AndroidManifest.xml
	android:versionName
		INJECTED from src\main\AndroidManifest.xml
		ADDED from src\main\AndroidManifest.xml:1:1-88:12
		INJECTED from src\main\AndroidManifest.xml
	xmlns:tools
		ADDED from src\main\AndroidManifest.xml:2:5-51
	android:versionCode
		INJECTED from src\main\AndroidManifest.xml
		ADDED from src\main\AndroidManifest.xml:1:1-88:12
		INJECTED from src\main\AndroidManifest.xml
	xmlns:android
		ADDED from src\main\AndroidManifest.xml:1:11-69
uses-permission#android.permission.INTERNET
ADDED from src\main\AndroidManifest.xml:5:5-67
MERGED from [:rn-fetch-blob] AndroidManifest.xml:15:5-67
MERGED from [:rn-fetch-blob] AndroidManifest.xml:15:5-67
MERGED from [:react-native-firebase] AndroidManifest.xml:11:5-67
MERGED from [:react-native-firebase] AndroidManifest.xml:11:5-67
MERGED from [:react-native-maps] AndroidManifest.xml:9:5-67
MERGED from [:react-native-maps] AndroidManifest.xml:9:5-67
MERGED from [com.google.android.gms:play-services-gcm:16.1.0] AndroidManifest.xml:24:5-67
MERGED from [com.google.android.gms:play-services-gcm:16.1.0] AndroidManifest.xml:24:5-67
MERGED from [com.google.android.gms:play-services-maps:16.1.0] AndroidManifest.xml:24:5-67
MERGED from [com.google.android.gms:play-services-maps:16.1.0] AndroidManifest.xml:24:5-67
MERGED from [com.google.android.gms:play-services-iid:16.0.1] AndroidManifest.xml:24:5-67
MERGED from [com.google.android.gms:play-services-iid:16.0.1] AndroidManifest.xml:24:5-67
MERGED from [com.google.android.gms:play-services-measurement-api:16.4.0] AndroidManifest.xml:22:5-67
MERGED from [com.google.android.gms:play-services-measurement-api:16.4.0] AndroidManifest.xml:22:5-67
MERGED from [com.google.firebase:firebase-iid:18.0.0] AndroidManifest.xml:23:5-67
MERGED from [com.google.firebase:firebase-iid:18.0.0] AndroidManifest.xml:23:5-67
MERGED from [com.crashlytics.sdk.android:crashlytics:2.9.5] AndroidManifest.xml:9:5-67
MERGED from [com.crashlytics.sdk.android:crashlytics:2.9.5] AndroidManifest.xml:9:5-67
MERGED from [com.google.android.gms:play-services-measurement:16.4.0] AndroidManifest.xml:23:5-67
MERGED from [com.google.android.gms:play-services-measurement:16.4.0] AndroidManifest.xml:23:5-67
MERGED from [com.google.android.gms:play-services-measurement-impl:16.4.0] AndroidManifest.xml:23:5-67
MERGED from [com.google.android.gms:play-services-measurement-impl:16.4.0] AndroidManifest.xml:23:5-67
MERGED from [com.google.android.gms:play-services-measurement-sdk-api:16.4.0] AndroidManifest.xml:23:5-67
MERGED from [com.google.android.gms:play-services-measurement-sdk-api:16.4.0] AndroidManifest.xml:23:5-67
MERGED from [com.crashlytics.sdk.android:crashlytics-core:2.6.4] AndroidManifest.xml:52:5-67
MERGED from [com.crashlytics.sdk.android:crashlytics-core:2.6.4] AndroidManifest.xml:52:5-67
MERGED from [com.crashlytics.sdk.android:answers:1.4.3] AndroidManifest.xml:9:5-67
MERGED from [com.crashlytics.sdk.android:answers:1.4.3] AndroidManifest.xml:9:5-67
MERGED from [com.crashlytics.sdk.android:beta:1.2.10] AndroidManifest.xml:9:5-67
MERGED from [com.crashlytics.sdk.android:beta:1.2.10] AndroidManifest.xml:9:5-67
MERGED from [io.fabric.sdk.android:fabric:1.4.4] AndroidManifest.xml:29:5-67
MERGED from [io.fabric.sdk.android:fabric:1.4.4] AndroidManifest.xml:29:5-67
	android:name
		ADDED from src\main\AndroidManifest.xml:5:22-64
uses-permission#android.permission.SYSTEM_ALERT_WINDOW
ADDED from src\main\AndroidManifest.xml:6:5-78
MERGED from [com.facebook.react:react-native:0.58.6] AndroidManifest.xml:11:5-78
MERGED from [com.facebook.react:react-native:0.58.6] AndroidManifest.xml:11:5-78
	android:name
		ADDED from src\main\AndroidManifest.xml:6:22-75
uses-permission#android.permission.RECEIVE_BOOT_COMPLETED
ADDED from src\main\AndroidManifest.xml:7:5-81
MERGED from [com.evernote:android-job:1.1.11] AndroidManifest.xml:14:5-81
MERGED from [com.evernote:android-job:1.1.11] AndroidManifest.xml:14:5-81
	android:name
		ADDED from src\main\AndroidManifest.xml:7:22-78
uses-permission#android.permission.VIBRATE
ADDED from src\main\AndroidManifest.xml:8:5-66
	android:name
		ADDED from src\main\AndroidManifest.xml:8:22-63
uses-permission#android.permission.CAMERA
ADDED from src\main\AndroidManifest.xml:9:5-65
	android:name
		ADDED from src\main\AndroidManifest.xml:9:22-62
uses-permission#android.permission.WRITE_EXTERNAL_STORAGE
ADDED from src\main\AndroidManifest.xml:10:5-81
MERGED from [:react-native-share] AndroidManifest.xml:12:5-81
MERGED from [:react-native-share] AndroidManifest.xml:12:5-81
MERGED from [:rn-fetch-blob] AndroidManifest.xml:33:5-81
MERGED from [:rn-fetch-blob] AndroidManifest.xml:33:5-81
MERGED from [:react-native-fs] AndroidManifest.xml:11:5-81
MERGED from [:react-native-fs] AndroidManifest.xml:11:5-81
MERGED from [:react-native-file-picker] AndroidManifest.xml:11:5-81
MERGED from [:react-native-file-picker] AndroidManifest.xml:11:5-81
	android:name
		ADDED from src\main\AndroidManifest.xml:10:22-78
uses-permission#android.permission.READ_EXTERNAL_STORAGE
ADDED from src\main\AndroidManifest.xml:11:5-80
	android:name
		ADDED from src\main\AndroidManifest.xml:11:22-77
uses-permission#android.permission.ACCESS_FINE_LOCATION
ADDED from src\main\AndroidManifest.xml:12:5-79
MERGED from [:react-native-google-fit] AndroidManifest.xml:11:5-79
MERGED from [:react-native-google-fit] AndroidManifest.xml:11:5-79
	android:name
		ADDED from src\main\AndroidManifest.xml:12:22-76
uses-permission#android.permission.ACTIVITY_RECOGNITION
ADDED from src\main\AndroidManifest.xml:13:5-78
	android:name
		ADDED from src\main\AndroidManifest.xml:13:22-76
uses-permission#android.permission.READ_PHONE_STATE
ADDED from src\main\AndroidManifest.xml:14:5-75
	android:name
		ADDED from src\main\AndroidManifest.xml:14:22-72
application
ADDED from src\main\AndroidManifest.xml:16:5-86:19
MERGED from [:react-native-facebook-account-kit] AndroidManifest.xml:9:5-13:19
MERGED from [:react-native-facebook-account-kit] AndroidManifest.xml:9:5-13:19
MERGED from [:react-native-share] AndroidManifest.xml:14:5-26:19
MERGED from [:react-native-share] AndroidManifest.xml:14:5-26:19
MERGED from [:rn-fetch-blob] AndroidManifest.xml:35:5-45:19
MERGED from [:rn-fetch-blob] AndroidManifest.xml:35:5-45:19
MERGED from [:react-native-image-picker] AndroidManifest.xml:11:5-21:19
MERGED from [:react-native-image-picker] AndroidManifest.xml:11:5-21:19
MERGED from [:react-native-firebase] AndroidManifest.xml:15:5-21:19
MERGED from [:react-native-firebase] AndroidManifest.xml:15:5-21:19
MERGED from [:react-native-device-info] AndroidManifest.xml:11:5-20:19
MERGED from [:react-native-device-info] AndroidManifest.xml:11:5-20:19
MERGED from [:react-native-splash-screen] AndroidManifest.xml:11:5-12:19
MERGED from [:react-native-splash-screen] AndroidManifest.xml:11:5-12:19
MERGED from [:react-native-background-task] AndroidManifest.xml:11:5-15:19
MERGED from [:react-native-background-task] AndroidManifest.xml:11:5-15:19
MERGED from [:react-native-fbsdk] AndroidManifest.xml:28:5-20
MERGED from [:react-native-fbsdk] AndroidManifest.xml:28:5-20
MERGED from [com.facebook.react:react-native:0.58.6] AndroidManifest.xml:13:5-20
MERGED from [com.facebook.react:react-native:0.58.6] AndroidManifest.xml:13:5-20
MERGED from [com.facebook.android:account-kit-sdk:5.4.0] AndroidManifest.xml:28:5-53:19
MERGED from [com.facebook.android:account-kit-sdk:5.4.0] AndroidManifest.xml:28:5-53:19
MERGED from [com.google.android.material:material:1.0.0] AndroidManifest.xml:22:5-20
MERGED from [com.google.android.material:material:1.0.0] AndroidManifest.xml:22:5-20
MERGED from [com.facebook.android:facebook-android-sdk:5.8.0] AndroidManifest.xml:28:5-29:19
MERGED from [com.facebook.android:facebook-android-sdk:5.8.0] AndroidManifest.xml:28:5-29:19
MERGED from [com.facebook.android:facebook-login:5.8.0] AndroidManifest.xml:28:5-29:19
MERGED from [com.facebook.android:facebook-login:5.8.0] AndroidManifest.xml:28:5-29:19
MERGED from [com.facebook.android:facebook-share:5.8.0] AndroidManifest.xml:28:5-29:19
MERGED from [com.facebook.android:facebook-share:5.8.0] AndroidManifest.xml:28:5-29:19
MERGED from [com.facebook.android:facebook-common:5.8.0] AndroidManifest.xml:28:5-35:19
MERGED from [com.facebook.android:facebook-common:5.8.0] AndroidManifest.xml:28:5-35:19
MERGED from [com.google.android.gms:play-services-fitness:18.0.0] AndroidManifest.xml:22:5-20
MERGED from [com.google.android.gms:play-services-fitness:18.0.0] AndroidManifest.xml:22:5-20
MERGED from [com.google.android.gms:play-services-auth:17.0.0] AndroidManifest.xml:22:5-37:19
MERGED from [com.google.android.gms:play-services-auth:17.0.0] AndroidManifest.xml:22:5-37:19
MERGED from [com.google.android.gms:play-services-gcm:16.1.0] AndroidManifest.xml:26:5-20
MERGED from [com.google.android.gms:play-services-gcm:16.1.0] AndroidManifest.xml:26:5-20
MERGED from [com.google.android.gms:play-services-maps:16.1.0] AndroidManifest.xml:30:5-36:19
MERGED from [com.google.android.gms:play-services-maps:16.1.0] AndroidManifest.xml:30:5-36:19
MERGED from [com.google.android.gms:play-services-iid:16.0.1] AndroidManifest.xml:26:5-20
MERGED from [com.google.android.gms:play-services-iid:16.0.1] AndroidManifest.xml:26:5-20
MERGED from [com.google.firebase:firebase-messaging:18.0.0] AndroidManifest.xml:22:5-35:19
MERGED from [com.google.firebase:firebase-messaging:18.0.0] AndroidManifest.xml:22:5-35:19
MERGED from [com.google.firebase:firebase-core:16.0.8] AndroidManifest.xml:7:5-20
MERGED from [com.google.firebase:firebase-core:16.0.8] AndroidManifest.xml:7:5-20
MERGED from [com.google.firebase:firebase-analytics:16.4.0] AndroidManifest.xml:7:5-20
MERGED from [com.google.firebase:firebase-analytics:16.4.0] AndroidManifest.xml:7:5-20
MERGED from [com.google.android.gms:play-services-measurement-api:16.4.0] AndroidManifest.xml:26:5-34:19
MERGED from [com.google.android.gms:play-services-measurement-api:16.4.0] AndroidManifest.xml:26:5-34:19
MERGED from [com.google.firebase:firebase-iid:18.0.0] AndroidManifest.xml:28:5-45:19
MERGED from [com.google.firebase:firebase-iid:18.0.0] AndroidManifest.xml:28:5-45:19
MERGED from [com.google.firebase:firebase-iid-interop:16.0.1] AndroidManifest.xml:7:5-8:19
MERGED from [com.google.firebase:firebase-iid-interop:16.0.1] AndroidManifest.xml:7:5-8:19
MERGED from [com.google.android.gms:play-services-base:17.1.0] AndroidManifest.xml:22:5-27:19
MERGED from [com.google.android.gms:play-services-base:17.1.0] AndroidManifest.xml:22:5-27:19
MERGED from [com.crashlytics.sdk.android:crashlytics:2.9.5] AndroidManifest.xml:11:5-17:19
MERGED from [com.crashlytics.sdk.android:crashlytics:2.9.5] AndroidManifest.xml:11:5-17:19
MERGED from [com.evernote:android-job:1.1.11] AndroidManifest.xml:16:5-58:19
MERGED from [com.evernote:android-job:1.1.11] AndroidManifest.xml:16:5-58:19
MERGED from [com.google.maps.android:android-maps-utils:0.5] AndroidManifest.xml:7:5-11:19
MERGED from [com.google.maps.android:android-maps-utils:0.5] AndroidManifest.xml:7:5-11:19
MERGED from [com.google.firebase:firebase-common:17.0.0] AndroidManifest.xml:11:5-17:19
MERGED from [com.google.firebase:firebase-common:17.0.0] AndroidManifest.xml:11:5-17:19
MERGED from [com.google.firebase:firebase-measurement-connector:17.0.1] AndroidManifest.xml:22:5-23:19
MERGED from [com.google.firebase:firebase-measurement-connector:17.0.1] AndroidManifest.xml:22:5-23:19
MERGED from [com.google.android.gms:play-services-tasks:17.0.0] AndroidManifest.xml:7:5-20
MERGED from [com.google.android.gms:play-services-tasks:17.0.0] AndroidManifest.xml:7:5-20
MERGED from [com.google.android.gms:play-services-measurement:16.4.0] AndroidManifest.xml:28:5-53:19
MERGED from [com.google.android.gms:play-services-measurement:16.4.0] AndroidManifest.xml:28:5-53:19
MERGED from [com.google.android.gms:play-services-measurement-sdk:16.4.0] AndroidManifest.xml:22:5-23:19
MERGED from [com.google.android.gms:play-services-measurement-sdk:16.4.0] AndroidManifest.xml:22:5-23:19
MERGED from [com.google.android.gms:play-services-measurement-impl:16.4.0] AndroidManifest.xml:28:5-38:19
MERGED from [com.google.android.gms:play-services-measurement-impl:16.4.0] AndroidManifest.xml:28:5-38:19
MERGED from [com.google.android.gms:play-services-stats:16.0.1] AndroidManifest.xml:7:5-20
MERGED from [com.google.android.gms:play-services-stats:16.0.1] AndroidManifest.xml:7:5-20
MERGED from [com.google.android.gms:play-services-measurement-sdk-api:16.4.0] AndroidManifest.xml:27:5-28:19
MERGED from [com.google.android.gms:play-services-measurement-sdk-api:16.4.0] AndroidManifest.xml:27:5-28:19
MERGED from [com.google.android.gms:play-services-measurement-base:16.4.0] AndroidManifest.xml:7:5-20
MERGED from [com.google.android.gms:play-services-measurement-base:16.4.0] AndroidManifest.xml:7:5-20
MERGED from [com.google.android.gms:play-services-ads-identifier:16.0.0] AndroidManifest.xml:22:5-20
MERGED from [com.google.android.gms:play-services-ads-identifier:16.0.0] AndroidManifest.xml:22:5-20
MERGED from [com.google.android.gms:play-services-basement:17.0.0] AndroidManifest.xml:22:5-26:19
MERGED from [com.google.android.gms:play-services-basement:17.0.0] AndroidManifest.xml:22:5-26:19
MERGED from [com.facebook.android:facebook-places:5.8.0] AndroidManifest.xml:28:5-29:19
MERGED from [com.facebook.android:facebook-places:5.8.0] AndroidManifest.xml:28:5-29:19
MERGED from [com.facebook.android:facebook-applinks:5.8.0] AndroidManifest.xml:28:5-29:19
MERGED from [com.facebook.android:facebook-applinks:5.8.0] AndroidManifest.xml:28:5-29:19
MERGED from [com.facebook.android:facebook-messenger:5.8.0] AndroidManifest.xml:28:5-29:19
MERGED from [com.facebook.android:facebook-messenger:5.8.0] AndroidManifest.xml:28:5-29:19
MERGED from [com.facebook.android:facebook-core:5.8.0] AndroidManifest.xml:28:5-59:19
MERGED from [com.facebook.android:facebook-core:5.8.0] AndroidManifest.xml:28:5-59:19
MERGED from [androidx.core:core:1.0.1] AndroidManifest.xml:22:5-89
MERGED from [androidx.core:core:1.0.1] AndroidManifest.xml:22:5-89
MERGED from [androidx.versionedparcelable:versionedparcelable:1.0.0] AndroidManifest.xml:22:5-23:19
MERGED from [androidx.versionedparcelable:versionedparcelable:1.0.0] AndroidManifest.xml:22:5-23:19
MERGED from [com.facebook.soloader:soloader:0.6.0] AndroidManifest.xml:11:5-20
MERGED from [com.facebook.soloader:soloader:0.6.0] AndroidManifest.xml:11:5-20
MERGED from [org.webkit:android-jsc:r174650] AndroidManifest.xml:2:3-17
MERGED from [org.webkit:android-jsc:r174650] AndroidManifest.xml:2:3-17
MERGED from [com.crashlytics.sdk.android:crashlytics-core:2.6.4] AndroidManifest.xml:54:5-20
MERGED from [com.crashlytics.sdk.android:crashlytics-core:2.6.4] AndroidManifest.xml:54:5-20
MERGED from [com.crashlytics.sdk.android:answers:1.4.3] AndroidManifest.xml:11:5-20
MERGED from [com.crashlytics.sdk.android:answers:1.4.3] AndroidManifest.xml:11:5-20
MERGED from [com.crashlytics.sdk.android:beta:1.2.10] AndroidManifest.xml:11:5-20
MERGED from [com.crashlytics.sdk.android:beta:1.2.10] AndroidManifest.xml:11:5-20
MERGED from [io.fabric.sdk.android:fabric:1.4.4] AndroidManifest.xml:31:5-20
MERGED from [io.fabric.sdk.android:fabric:1.4.4] AndroidManifest.xml:31:5-20
	tools:ignore
		ADDED from [com.evernote:android-job:1.1.11] AndroidManifest.xml:16:18-44
	android:roundIcon
		ADDED from src\main\AndroidManifest.xml:22:9-54
	android:largeHeap
		ADDED from src\main\AndroidManifest.xml:25:9-33
	android:icon
		ADDED from src\main\AndroidManifest.xml:20:9-43
	android:supportsRtl
		ADDED from [:react-native-facebook-account-kit] AndroidManifest.xml:12:9-35
	android:label
		ADDED from src\main\AndroidManifest.xml:21:9-41
	android:appComponentFactory
		ADDED from src\main\AndroidManifest.xml:19:9-64
		REJECTED from [androidx.core:core:1.0.1] AndroidManifest.xml:22:18-86
	tools:targetApi
		ADDED from src\main\AndroidManifest.xml:26:9-28
	android:allowBackup
		ADDED from src\main\AndroidManifest.xml:18:9-36
	android:theme
		ADDED from src\main\AndroidManifest.xml:23:9-40
	tools:replace
		ADDED from src\main\AndroidManifest.xml:27:9-52
	android:usesCleartextTraffic
		ADDED from src\main\AndroidManifest.xml:24:9-44
	android:name
		ADDED from src\main\AndroidManifest.xml:17:9-63
activity#com.benefitappwedigtech.MainActivity
ADDED from src\main\AndroidManifest.xml:28:9-39:20
	android:screenOrientation
		ADDED from src\main\AndroidManifest.xml:30:13-49
	android:label
		ADDED from src\main\AndroidManifest.xml:32:13-45
	android:launchMode
		ADDED from src\main\AndroidManifest.xml:33:13-43
	android:windowSoftInputMode
		ADDED from src\main\AndroidManifest.xml:34:13-55
	android:configChanges
		ADDED from src\main\AndroidManifest.xml:31:13-83
	android:name
		ADDED from src\main\AndroidManifest.xml:29:13-64
intent-filter#action:name:android.intent.action.MAIN+category:name:android.intent.category.LAUNCHER
ADDED from src\main\AndroidManifest.xml:35:13-38:29
action#android.intent.action.MAIN
ADDED from src\main\AndroidManifest.xml:36:17-69
	android:name
		ADDED from src\main\AndroidManifest.xml:36:25-66
category#android.intent.category.LAUNCHER
ADDED from src\main\AndroidManifest.xml:37:17-77
	android:name
		ADDED from src\main\AndroidManifest.xml:37:27-74
activity#com.facebook.react.devsupport.DevSettingsActivity
ADDED from src\main\AndroidManifest.xml:40:9-86
	android:name
		ADDED from src\main\AndroidManifest.xml:40:19-83
meta-data#com.google.firebase.messaging.default_notification_icon
ADDED from src\main\AndroidManifest.xml:42:9-44:54
	android:resource
		ADDED from src\main\AndroidManifest.xml:44:13-51
	android:name
		ADDED from src\main\AndroidManifest.xml:43:13-83
receiver#io.invertase.firebase.notifications.RNFirebaseNotificationReceiver
ADDED from src\main\AndroidManifest.xml:47:9-103
	android:name
		ADDED from src\main\AndroidManifest.xml:47:19-100
receiver#io.invertase.firebase.notifications.RNFirebaseNotificationsRebootReceiver
ADDED from src\main\AndroidManifest.xml:48:9-59:20
	android:enabled
		ADDED from src\main\AndroidManifest.xml:50:13-35
	android:exported
		ADDED from src\main\AndroidManifest.xml:51:13-36
	android:name
		ADDED from src\main\AndroidManifest.xml:49:13-101
intent-filter#action:name:android.intent.action.BOOT_COMPLETED+action:name:android.intent.action.QUICKBOOT_POWERON+action:name:com.htc.intent.action.QUICKBOOT_POWERON+category:name:android.intent.category.DEFAULT
ADDED from src\main\AndroidManifest.xml:52:13-58:29
action#android.intent.action.BOOT_COMPLETED
ADDED from src\main\AndroidManifest.xml:53:17-79
	android:name
		ADDED from src\main\AndroidManifest.xml:53:25-76
action#android.intent.action.QUICKBOOT_POWERON
ADDED from src\main\AndroidManifest.xml:54:17-82
	android:name
		ADDED from src\main\AndroidManifest.xml:54:25-79
action#com.htc.intent.action.QUICKBOOT_POWERON
ADDED from src\main\AndroidManifest.xml:55:17-82
	android:name
		ADDED from src\main\AndroidManifest.xml:55:25-79
category#android.intent.category.DEFAULT
ADDED from src\main\AndroidManifest.xml:57:17-76
	android:name
		ADDED from src\main\AndroidManifest.xml:57:27-73
meta-data#io.fabric.ApiKey
ADDED from src\main\AndroidManifest.xml:61:9-63:72
	android:value
		ADDED from src\main\AndroidManifest.xml:63:13-69
	android:name
		ADDED from src\main\AndroidManifest.xml:62:13-44
meta-data#com.facebook.sdk.ApplicationId